# JRE version: Java(TM) SE Runtime Environment (8.0_201-b09) (build 1.8.0_201-b09)
# Java VM: Java HotSpot(TM) 64-Bit Server VM (25.201-b09 mixed mode windows-amd64 compressed oops)
Heap:
 PSYoungGen      total 80896K, used 15624K [0x00000000e0000000, 0x00000000e5600000, 0x0000000100000000)
  eden space 73728K, 21% used [0x00000000e0000000,0x00000000e0f42080,0x00000000e4800000)
  from space 7168K, 0% used [0x00000000e4800000,0x00000000e4800000,0x00000000e4f00000)
  to   space 6144K, 0% used [0x00000000e5000000,0x00000000e5000000,0x00000000e5600000)
 ParOldGen       total 29696K, used 26991K [0x00000000a0000000, 0x00000000a1d00000, 0x00000000e0000000)
  object space 29696K, 90% used [0x00000000a0000000,0x00000000a1a5beb8,0x00000000a1d00000)
 Metaspace       used 50895K, capacity 52022K, committed 52224K, reserved 1097728K
  class space    used 7047K, capacity 7388K, committed 7424K, reserved 1048576K
GC Heap History (10 events):
Event: 26.179 GC heap before
{Heap before GC invocations=14 (full 1):
 PSYoungGen      total 79872K, used 65173K [0x00000000e0000000, 0x00000000e5600000, 0x0000000100000000)
  eden space 73728K, 82% used [0x00000000e0000000,0x00000000e3b23078,0x00000000e4800000)
  from space 6144K, 75% used [0x00000000e5000000,0x00000000e5482520,0x00000000e5600000)
  to   space 7168K, 0% used [0x00000000e4800000,0x00000000e4800000,0x00000000e4f00000)
 ParOldGen       total 29696K, used 9573K [0x00000000a0000000, 0x00000000a1d00000, 0x00000000e0000000)
  object space 29696K, 32% used [0x00000000a0000000,0x00000000a09597b0,0x00000000a1d00000)
 Metaspace       used 34791K, capacity 35314K, committed 35456K, reserved 1079296K
  class space    used 4972K, capacity 5189K, committed 5248K, reserved 1048576K
Event: 26.193 GC heap after
Heap after GC invocations=14 (full 1):
 PSYoungGen      total 80896K, used 6790K [0x00000000e0000000, 0x00000000e5600000, 0x0000000100000000)
  eden space 73728K, 0% used [0x00000000e0000000,0x00000000e0000000,0x00000000e4800000)
  from space 7168K, 94% used [0x00000000e4800000,0x00000000e4ea1880,0x00000000e4f00000)
  to   space 6144K, 0% used [0x00000000e5000000,0x00000000e5000000,0x00000000e5600000)
 ParOldGen       total 29696K, used 11270K [0x00000000a0000000, 0x00000000a1d00000, 0x00000000e0000000)
  object space 29696K, 37% used [0x00000000a0000000,0x00000000a0b01988,0x00000000a1d00000)
 Metaspace       used 34791K, capacity 35314K, committed 35456K, reserved 1079296K
  class space    used 4972K, capacity 5189K, committed 5248K, reserved 1048576K
}
Event: 26.193 GC heap before
{Heap before GC invocations=15 (full 2):
 PSYoungGen      total 80896K, used 6790K [0x00000000e0000000, 0x00000000e5600000, 0x0000000100000000)
  eden space 73728K, 0% used [0x00000000e0000000,0x00000000e0000000,0x00000000e4800000)
  from space 7168K, 94% used [0x00000000e4800000,0x00000000e4ea1880,0x00000000e4f00000)
  to   space 6144K, 0% used [0x00000000e5000000,0x00000000e5000000,0x00000000e5600000)
 ParOldGen       total 29696K, used 11270K [0x00000000a0000000, 0x00000000a1d00000, 0x00000000e0000000)
  object space 29696K, 37% used [0x00000000a0000000,0x00000000a0b01988,0x00000000a1d00000)
 Metaspace       used 34791K, capacity 35314K, committed 35456K, reserved 1079296K
  class space    used 4972K, capacity 5189K, committed 5248K, reserved 1048576K
Event: 26.500 GC heap after
Heap after GC invocations=15 (full 2):
 PSYoungGen      total 80896K, used 0K [0x00000000e0000000, 0x00000000e5600000, 0x0000000100000000)
  eden space 73728K, 0% used [0x00000000e0000000,0x00000000e0000000,0x00000000e4800000)
  from space 7168K, 0% used [0x00000000e4800000,0x00000000e4800000,0x00000000e4f00000)
  to   space 6144K, 0% used [0x00000000e5000000,0x00000000e5000000,0x00000000e5600000)
 ParOldGen       total 29696K, used 17593K [0x00000000a0000000, 0x00000000a1d00000, 0x00000000e0000000)
  object space 29696K, 59% used [0x00000000a0000000,0x00000000a112e5c0,0x00000000a1d00000)
 Metaspace       used 34791K, capacity 35314K, committed 35456K, reserved 1079296K
  class space    used 4972K, capacity 5189K, committed 5248K, reserved 1048576K
}
Event: 29.230 GC heap before
{Heap before GC invocations=16 (full 2):
 PSYoungGen      total 80896K, used 73728K [0x00000000e0000000, 0x00000000e5600000, 0x0000000100000000)
  eden space 73728K, 100% used [0x00000000e0000000,0x00000000e4800000,0x00000000e4800000)
  from space 7168K, 0% used [0x00000000e4800000,0x00000000e4800000,0x00000000e4f00000)
  to   space 6144K, 0% used [0x00000000e5000000,0x00000000e5000000,0x00000000e5600000)
 ParOldGen       total 29696K, used 17593K [0x00000000a0000000, 0x00000000a1d00000, 0x00000000e0000000)
  object space 29696K, 59% used [0x00000000a0000000,0x00000000a112e5c0,0x00000000a1d00000)
 Metaspace       used 41997K, capacity 42668K, committed 43008K, reserved 1085440K
  class space    used 5801K, capacity 6028K, committed 6144K, reserved 1048576K
Event: 29.253 GC heap after
Heap after GC invocations=16 (full 2):
 PSYoungGen      total 79872K, used 6112K [0x00000000e0000000, 0x00000000e5600000, 0x0000000100000000)
  eden space 73728K, 0% used [0x00000000e0000000,0x00000000e0000000,0x00000000e4800000)
  from space 6144K, 99% used [0x00000000e5000000,0x00000000e55f8388,0x00000000e5600000)
  to   space 7168K, 0% used [0x00000000e4800000,0x00000000e4800000,0x00000000e4f00000)
 ParOldGen       total 29696K, used 22808K [0x00000000a0000000, 0x00000000a1d00000, 0x00000000e0000000)
  object space 29696K, 76% used [0x00000000a0000000,0x00000000a16460b0,0x00000000a1d00000)
 Metaspace       used 41997K, capacity 42668K, committed 43008K, reserved 1085440K
  class space    used 5801K, capacity 6028K, committed 6144K, reserved 1048576K
}
Event: 33.352 GC heap before
{Heap before GC invocations=17 (full 2):
 PSYoungGen      total 79872K, used 79840K [0x00000000e0000000, 0x00000000e5600000, 0x0000000100000000)
  eden space 73728K, 100% used [0x00000000e0000000,0x00000000e4800000,0x00000000e4800000)
  from space 6144K, 99% used [0x00000000e5000000,0x00000000e55f8388,0x00000000e5600000)
  to   space 7168K, 0% used [0x00000000e4800000,0x00000000e4800000,0x00000000e4f00000)
 ParOldGen       total 29696K, used 22808K [0x00000000a0000000, 0x00000000a1d00000, 0x00000000e0000000)
  object space 29696K, 76% used [0x00000000a0000000,0x00000000a16460b0,0x00000000a1d00000)
 Metaspace       used 49046K, capacity 49880K, committed 50048K, reserved 1093632K
  class space    used 6761K, capacity 7019K, committed 7040K, reserved 1048576K
Event: 33.379 GC heap after
Heap after GC invocations=17 (full 2):
 PSYoungGen      total 80896K, used 7145K [0x00000000e0000000, 0x00000000e5600000, 0x0000000100000000)
  eden space 73728K, 0% used [0x00000000e0000000,0x00000000e0000000,0x00000000e4800000)
  from space 7168K, 99% used [0x00000000e4800000,0x00000000e4efa700,0x00000000e4f00000)
  to   space 6144K, 0% used [0x00000000e5000000,0x00000000e5000000,0x00000000e5600000)
 ParOldGen       total 29696K, used 28963K [0x00000000a0000000, 0x00000000a1d00000, 0x00000000e0000000)
  object space 29696K, 97% used [0x00000000a0000000,0x00000000a1c48f38,0x00000000a1d00000)
 Metaspace       used 49046K, capacity 49880K, committed 50048K, reserved 1093632K
  class space    used 6761K, capacity 7019K, committed 7040K, reserved 1048576K
}
Event: 33.379 GC heap before
{Heap before GC invocations=18 (full 3):
 PSYoungGen      total 80896K, used 7145K [0x00000000e0000000, 0x00000000e5600000, 0x0000000100000000)
  eden space 73728K, 0% used [0x00000000e0000000,0x00000000e0000000,0x00000000e4800000)
  from space 7168K, 99% used [0x00000000e4800000,0x00000000e4efa700,0x00000000e4f00000)
  to   space 6144K, 0% used [0x00000000e5000000,0x00000000e5000000,0x00000000e5600000)
 ParOldGen       total 29696K, used 28963K [0x00000000a0000000, 0x00000000a1d00000, 0x00000000e0000000)
  object space 29696K, 97% used [0x00000000a0000000,0x00000000a1c48f38,0x00000000a1d00000)
 Metaspace       used 49046K, capacity 49880K, committed 50048K, reserved 1093632K
  class space    used 6761K, capacity 7019K, committed 7040K, reserved 1048576K
Event: 33.863 GC heap after
Heap after GC invocations=18 (full 3):
 PSYoungGen      total 80896K, used 0K [0x00000000e0000000, 0x00000000e5600000, 0x0000000100000000)
  eden space 73728K, 0% used [0x00000000e0000000,0x00000000e0000000,0x00000000e4800000)
  from space 7168K, 0% used [0x00000000e4800000,0x00000000e4800000,0x00000000e4f00000)
  to   space 6144K, 0% used [0x00000000e5000000,0x00000000e5000000,0x00000000e5600000)
 ParOldGen       total 29696K, used 26991K [0x00000000a0000000, 0x00000000a1d00000, 0x00000000e0000000)
  object space 29696K, 90% used [0x00000000a0000000,0x00000000a1a5beb8,0x00000000a1d00000)
 Metaspace       used 49046K, capacity 49880K, committed 50048K, reserved 1093632K
  class space    used 6761K, capacity 7019K, committed 7040K, reserved 1048576K
}

