# JRE version: Java(TM) SE Runtime Environment (8.0_201-b09) (build 1.8.0_201-b09)
# Java VM: Java HotSpot(TM) 64-Bit Server VM (25.201-b09 mixed mode windows-amd64 compressed oops)
Heap:
 PSYoungGen      total 76288K, used 19296K [0x00000000e0000000, 0x00000000e5280000, 0x0000000100000000)
  eden space 71168K, 20% used [0x00000000e0000000,0x00000000e0e6c5c8,0x00000000e4580000)
  from space 5120K, 88% used [0x00000000e4d80000,0x00000000e51eba60,0x00000000e5280000)
  to   space 6656K, 0% used [0x00000000e4580000,0x00000000e4580000,0x00000000e4c00000)
 ParOldGen       total 30720K, used 9547K [0x00000000a0000000, 0x00000000a1e00000, 0x00000000e0000000)
  object space 30720K, 31% used [0x00000000a0000000,0x00000000a0952e60,0x00000000a1e00000)
 Metaspace       used 30180K, capacity 30608K, committed 30976K, reserved 1075200K
  class space    used 4308K, capacity 4515K, committed 4608K, reserved 1048576K
GC Heap History (10 events):
Event: 7.670 GC heap before
{Heap before GC invocations=9 (full 0):
 PSYoungGen      total 36352K, used 35216K [0x00000000e0000000, 0x00000000e2900000, 0x0000000100000000)
  eden space 31744K, 100% used [0x00000000e0000000,0x00000000e1f00000,0x00000000e1f00000)
  from space 4608K, 75% used [0x00000000e2480000,0x00000000e27e41d8,0x00000000e2900000)
  to   space 5120K, 0% used [0x00000000e1f00000,0x00000000e1f00000,0x00000000e2400000)
 ParOldGen       total 44032K, used 6607K [0x00000000a0000000, 0x00000000a2b00000, 0x00000000e0000000)
  object space 44032K, 15% used [0x00000000a0000000,0x00000000a0673f98,0x00000000a2b00000)
 Metaspace       used 20664K, capacity 21110K, committed 21296K, reserved 1067008K
  class space    used 2979K, capacity 3149K, committed 3200K, reserved 1048576K
Event: 7.686 GC heap after
Heap after GC invocations=9 (full 0):
 PSYoungGen      total 36864K, used 5088K [0x00000000e0000000, 0x00000000e3e00000, 0x0000000100000000)
  eden space 31744K, 0% used [0x00000000e0000000,0x00000000e0000000,0x00000000e1f00000)
  from space 5120K, 99% used [0x00000000e1f00000,0x00000000e23f8008,0x00000000e2400000)
  to   space 6144K, 0% used [0x00000000e3800000,0x00000000e3800000,0x00000000e3e00000)
 ParOldGen       total 44032K, used 8120K [0x00000000a0000000, 0x00000000a2b00000, 0x00000000e0000000)
  object space 44032K, 18% used [0x00000000a0000000,0x00000000a07ee100,0x00000000a2b00000)
 Metaspace       used 20664K, capacity 21110K, committed 21296K, reserved 1067008K
  class space    used 2979K, capacity 3149K, committed 3200K, reserved 1048576K
}
Event: 7.733 GC heap before
{Heap before GC invocations=10 (full 0):
 PSYoungGen      total 36864K, used 5649K [0x00000000e0000000, 0x00000000e3e00000, 0x0000000100000000)
  eden space 31744K, 1% used [0x00000000e0000000,0x00000000e008c498,0x00000000e1f00000)
  from space 5120K, 99% used [0x00000000e1f00000,0x00000000e23f8008,0x00000000e2400000)
  to   space 6144K, 0% used [0x00000000e3800000,0x00000000e3800000,0x00000000e3e00000)
 ParOldGen       total 44032K, used 8120K [0x00000000a0000000, 0x00000000a2b00000, 0x00000000e0000000)
  object space 44032K, 18% used [0x00000000a0000000,0x00000000a07ee100,0x00000000a2b00000)
 Metaspace       used 20753K, capacity 21206K, committed 21296K, reserved 1067008K
  class space    used 2983K, capacity 3181K, committed 3200K, reserved 1048576K
Event: 7.739 GC heap after
Heap after GC invocations=10 (full 0):
 PSYoungGen      total 56832K, used 2036K [0x00000000e0000000, 0x00000000e3f00000, 0x0000000100000000)
  eden space 50688K, 0% used [0x00000000e0000000,0x00000000e0000000,0x00000000e3180000)
  from space 6144K, 33% used [0x00000000e3800000,0x00000000e39fd040,0x00000000e3e00000)
  to   space 6656K, 0% used [0x00000000e3180000,0x00000000e3180000,0x00000000e3800000)
 ParOldGen       total 44032K, used 9195K [0x00000000a0000000, 0x00000000a2b00000, 0x00000000e0000000)
  object space 44032K, 20% used [0x00000000a0000000,0x00000000a08fad78,0x00000000a2b00000)
 Metaspace       used 20753K, capacity 21206K, committed 21296K, reserved 1067008K
  class space    used 2983K, capacity 3181K, committed 3200K, reserved 1048576K
}
Event: 7.739 GC heap before
{Heap before GC invocations=11 (full 1):
 PSYoungGen      total 56832K, used 2036K [0x00000000e0000000, 0x00000000e3f00000, 0x0000000100000000)
  eden space 50688K, 0% used [0x00000000e0000000,0x00000000e0000000,0x00000000e3180000)
  from space 6144K, 33% used [0x00000000e3800000,0x00000000e39fd040,0x00000000e3e00000)
  to   space 6656K, 0% used [0x00000000e3180000,0x00000000e3180000,0x00000000e3800000)
 ParOldGen       total 44032K, used 9195K [0x00000000a0000000, 0x00000000a2b00000, 0x00000000e0000000)
  object space 44032K, 20% used [0x00000000a0000000,0x00000000a08fad78,0x00000000a2b00000)
 Metaspace       used 20753K, capacity 21206K, committed 21296K, reserved 1067008K
  class space    used 2983K, capacity 3181K, committed 3200K, reserved 1048576K
Event: 7.831 GC heap after
Heap after GC invocations=11 (full 1):
 PSYoungGen      total 56832K, used 0K [0x00000000e0000000, 0x00000000e3f00000, 0x0000000100000000)
  eden space 50688K, 0% used [0x00000000e0000000,0x00000000e0000000,0x00000000e3180000)
  from space 6144K, 0% used [0x00000000e3800000,0x00000000e3800000,0x00000000e3e00000)
  to   space 6656K, 0% used [0x00000000e3180000,0x00000000e3180000,0x00000000e3800000)
 ParOldGen       total 30720K, used 7139K [0x00000000a0000000, 0x00000000a1e00000, 0x00000000e0000000)
  object space 30720K, 23% used [0x00000000a0000000,0x00000000a06f8e10,0x00000000a1e00000)
 Metaspace       used 20753K, capacity 21206K, committed 21296K, reserved 1067008K
  class space    used 2983K, capacity 3181K, committed 3200K, reserved 1048576K
}
Event: 9.952 GC heap before
{Heap before GC invocations=12 (full 1):
 PSYoungGen      total 56832K, used 50688K [0x00000000e0000000, 0x00000000e3f00000, 0x0000000100000000)
  eden space 50688K, 100% used [0x00000000e0000000,0x00000000e3180000,0x00000000e3180000)
  from space 6144K, 0% used [0x00000000e3800000,0x00000000e3800000,0x00000000e3e00000)
  to   space 6656K, 0% used [0x00000000e3180000,0x00000000e3180000,0x00000000e3800000)
 ParOldGen       total 30720K, used 7139K [0x00000000a0000000, 0x00000000a1e00000, 0x00000000e0000000)
  object space 30720K, 23% used [0x00000000a0000000,0x00000000a06f8e10,0x00000000a1e00000)
 Metaspace       used 26546K, capacity 27026K, committed 27264K, reserved 1073152K
  class space    used 3705K, capacity 3898K, committed 3968K, reserved 1048576K
Event: 9.965 GC heap after
Heap after GC invocations=12 (full 1):
 PSYoungGen      total 57344K, used 5523K [0x00000000e0000000, 0x00000000e5400000, 0x0000000100000000)
  eden space 50688K, 0% used [0x00000000e0000000,0x00000000e0000000,0x00000000e3180000)
  from space 6656K, 82% used [0x00000000e3180000,0x00000000e36e4ff8,0x00000000e3800000)
  to   space 6656K, 0% used [0x00000000e4d80000,0x00000000e4d80000,0x00000000e5400000)
 ParOldGen       total 30720K, used 7147K [0x00000000a0000000, 0x00000000a1e00000, 0x00000000e0000000)
  object space 30720K, 23% used [0x00000000a0000000,0x00000000a06fae10,0x00000000a1e00000)
 Metaspace       used 26546K, capacity 27026K, committed 27264K, reserved 1073152K
  class space    used 3705K, capacity 3898K, committed 3968K, reserved 1048576K
}
Event: 12.409 GC heap before
{Heap before GC invocations=13 (full 1):
 PSYoungGen      total 57344K, used 56211K [0x00000000e0000000, 0x00000000e5400000, 0x0000000100000000)
  eden space 50688K, 100% used [0x00000000e0000000,0x00000000e3180000,0x00000000e3180000)
  from space 6656K, 82% used [0x00000000e3180000,0x00000000e36e4ff8,0x00000000e3800000)
  to   space 6656K, 0% used [0x00000000e4d80000,0x00000000e4d80000,0x00000000e5400000)
 ParOldGen       total 30720K, used 7147K [0x00000000a0000000, 0x00000000a1e00000, 0x00000000e0000000)
  object space 30720K, 23% used [0x00000000a0000000,0x00000000a06fae10,0x00000000a1e00000)
 Metaspace       used 29353K, capacity 29840K, committed 30080K, reserved 1075200K
  class space    used 4186K, capacity 4387K, committed 4480K, reserved 1048576K
Event: 12.423 GC heap after
Heap after GC invocations=13 (full 1):
 PSYoungGen      total 76288K, used 4526K [0x00000000e0000000, 0x00000000e5280000, 0x0000000100000000)
  eden space 71168K, 0% used [0x00000000e0000000,0x00000000e0000000,0x00000000e4580000)
  from space 5120K, 88% used [0x00000000e4d80000,0x00000000e51eba60,0x00000000e5280000)
  to   space 6656K, 0% used [0x00000000e4580000,0x00000000e4580000,0x00000000e4c00000)
 ParOldGen       total 30720K, used 9547K [0x00000000a0000000, 0x00000000a1e00000, 0x00000000e0000000)
  object space 30720K, 31% used [0x00000000a0000000,0x00000000a0952e60,0x00000000a1e00000)
 Metaspace       used 29353K, capacity 29840K, committed 30080K, reserved 1075200K
  class space    used 4186K, capacity 4387K, committed 4480K, reserved 1048576K
}

