# JRE version: Java(TM) SE Runtime Environment (8.0_201-b09) (build 1.8.0_201-b09)
# Java VM: Java HotSpot(TM) 64-Bit Server VM (25.201-b09 mixed mode windows-amd64 compressed oops)
Heap:
 PSYoungGen      total 197632K, used 58937K [0x00000000e0000000, 0x00000000f0000000, 0x0000000100000000)
  eden space 170496K, 25% used [0x00000000e0000000,0x00000000e2b0c808,0x00000000ea680000)
  from space 27136K, 54% used [0x00000000ea680000,0x00000000eb501c38,0x00000000ec100000)
  to   space 26624K, 0% used [0x00000000ee600000,0x00000000ee600000,0x00000000f0000000)
 ParOldGen       total 99328K, used 41494K [0x00000000a0000000, 0x00000000a6100000, 0x00000000e0000000)
  object space 99328K, 41% used [0x00000000a0000000,0x00000000a2885a78,0x00000000a6100000)
 Metaspace       used 79576K, capacity 82082K, committed 82264K, reserved 1120256K
  class space    used 10541K, capacity 11082K, committed 11136K, reserved 1048576K
GC Heap History (10 events):
Event: 61.821 GC heap before
{Heap before GC invocations=22 (full 3):
 PSYoungGen      total 155136K, used 147133K [0x00000000e0000000, 0x00000000ea880000, 0x0000000100000000)
  eden space 137728K, 100% used [0x00000000e0000000,0x00000000e8680000,0x00000000e8680000)
  from space 17408K, 54% used [0x00000000e9780000,0x00000000ea0af450,0x00000000ea880000)
  to   space 17408K, 0% used [0x00000000e8680000,0x00000000e8680000,0x00000000e9780000)
 ParOldGen       total 99328K, used 33451K [0x00000000a0000000, 0x00000000a6100000, 0x00000000e0000000)
  object space 99328K, 33% used [0x00000000a0000000,0x00000000a20aafc8,0x00000000a6100000)
 Metaspace       used 76175K, capacity 78300K, committed 78424K, reserved 1116160K
  class space    used 10248K, capacity 10767K, committed 10880K, reserved 1048576K
Event: 61.855 GC heap after
Heap after GC invocations=22 (full 3):
 PSYoungGen      total 155136K, used 17388K [0x00000000e0000000, 0x00000000ebd80000, 0x0000000100000000)
  eden space 137728K, 0% used [0x00000000e0000000,0x00000000e0000000,0x00000000e8680000)
  from space 17408K, 99% used [0x00000000e8680000,0x00000000e977b048,0x00000000e9780000)
  to   space 22016K, 0% used [0x00000000ea800000,0x00000000ea800000,0x00000000ebd80000)
 ParOldGen       total 99328K, used 39306K [0x00000000a0000000, 0x00000000a6100000, 0x00000000e0000000)
  object space 99328K, 39% used [0x00000000a0000000,0x00000000a2662988,0x00000000a6100000)
 Metaspace       used 76175K, capacity 78300K, committed 78424K, reserved 1116160K
  class space    used 10248K, capacity 10767K, committed 10880K, reserved 1048576K
}
Event: 64.015 GC heap before
{Heap before GC invocations=23 (full 3):
 PSYoungGen      total 155136K, used 155116K [0x00000000e0000000, 0x00000000ebd80000, 0x0000000100000000)
  eden space 137728K, 100% used [0x00000000e0000000,0x00000000e8680000,0x00000000e8680000)
  from space 17408K, 99% used [0x00000000e8680000,0x00000000e977b048,0x00000000e9780000)
  to   space 22016K, 0% used [0x00000000ea800000,0x00000000ea800000,0x00000000ebd80000)
 ParOldGen       total 99328K, used 39306K [0x00000000a0000000, 0x00000000a6100000, 0x00000000e0000000)
  object space 99328K, 39% used [0x00000000a0000000,0x00000000a2662988,0x00000000a6100000)
 Metaspace       used 79161K, capacity 81678K, committed 82008K, reserved 1120256K
  class space    used 10522K, capacity 11048K, committed 11136K, reserved 1048576K
Event: 64.065 GC heap after
Heap after GC invocations=23 (full 3):
 PSYoungGen      total 169472K, used 18715K [0x00000000e0000000, 0x00000000ec780000, 0x0000000100000000)
  eden space 147456K, 0% used [0x00000000e0000000,0x00000000e0000000,0x00000000e9000000)
  from space 22016K, 85% used [0x00000000ea800000,0x00000000eba46de8,0x00000000ebd80000)
  to   space 24576K, 0% used [0x00000000e9000000,0x00000000e9000000,0x00000000ea800000)
 ParOldGen       total 99328K, used 39314K [0x00000000a0000000, 0x00000000a6100000, 0x00000000e0000000)
  object space 99328K, 39% used [0x00000000a0000000,0x00000000a2664988,0x00000000a6100000)
 Metaspace       used 79161K, capacity 81678K, committed 82008K, reserved 1120256K
  class space    used 10522K, capacity 11048K, committed 11136K, reserved 1048576K
}
Event: 64.959 GC heap before
{Heap before GC invocations=24 (full 3):
 PSYoungGen      total 169472K, used 166171K [0x00000000e0000000, 0x00000000ec780000, 0x0000000100000000)
  eden space 147456K, 100% used [0x00000000e0000000,0x00000000e9000000,0x00000000e9000000)
  from space 22016K, 85% used [0x00000000ea800000,0x00000000eba46de8,0x00000000ebd80000)
  to   space 24576K, 0% used [0x00000000e9000000,0x00000000e9000000,0x00000000ea800000)
 ParOldGen       total 99328K, used 39314K [0x00000000a0000000, 0x00000000a6100000, 0x00000000e0000000)
  object space 99328K, 39% used [0x00000000a0000000,0x00000000a2664988,0x00000000a6100000)
 Metaspace       used 79344K, capacity 81870K, committed 82008K, reserved 1120256K
  class space    used 10537K, capacity 11082K, committed 11136K, reserved 1048576K
Event: 64.989 GC heap after
Heap after GC invocations=24 (full 3):
 PSYoungGen      total 172032K, used 17316K [0x00000000e0000000, 0x00000000eda00000, 0x0000000100000000)
  eden space 147456K, 0% used [0x00000000e0000000,0x00000000e0000000,0x00000000e9000000)
  from space 24576K, 70% used [0x00000000e9000000,0x00000000ea0e9058,0x00000000ea800000)
  to   space 25600K, 0% used [0x00000000ec100000,0x00000000ec100000,0x00000000eda00000)
 ParOldGen       total 99328K, used 39314K [0x00000000a0000000, 0x00000000a6100000, 0x00000000e0000000)
  object space 99328K, 39% used [0x00000000a0000000,0x00000000a2664988,0x00000000a6100000)
 Metaspace       used 79344K, capacity 81870K, committed 82008K, reserved 1120256K
  class space    used 10537K, capacity 11082K, committed 11136K, reserved 1048576K
}
Event: 66.341 GC heap before
{Heap before GC invocations=25 (full 3):
 PSYoungGen      total 172032K, used 164772K [0x00000000e0000000, 0x00000000eda00000, 0x0000000100000000)
  eden space 147456K, 100% used [0x00000000e0000000,0x00000000e9000000,0x00000000e9000000)
  from space 24576K, 70% used [0x00000000e9000000,0x00000000ea0e9058,0x00000000ea800000)
  to   space 25600K, 0% used [0x00000000ec100000,0x00000000ec100000,0x00000000eda00000)
 ParOldGen       total 99328K, used 39314K [0x00000000a0000000, 0x00000000a6100000, 0x00000000e0000000)
  object space 99328K, 39% used [0x00000000a0000000,0x00000000a2664988,0x00000000a6100000)
 Metaspace       used 79456K, capacity 82014K, committed 82264K, reserved 1120256K
  class space    used 10537K, capacity 11082K, committed 11136K, reserved 1048576K
Event: 66.404 GC heap after
Heap after GC invocations=25 (full 3):
 PSYoungGen      total 196096K, used 19314K [0x00000000e0000000, 0x00000000ee280000, 0x0000000100000000)
  eden space 170496K, 0% used [0x00000000e0000000,0x00000000e0000000,0x00000000ea680000)
  from space 25600K, 75% used [0x00000000ec100000,0x00000000ed3dca20,0x00000000eda00000)
  to   space 27136K, 0% used [0x00000000ea680000,0x00000000ea680000,0x00000000ec100000)
 ParOldGen       total 99328K, used 39322K [0x00000000a0000000, 0x00000000a6100000, 0x00000000e0000000)
  object space 99328K, 39% used [0x00000000a0000000,0x00000000a2666988,0x00000000a6100000)
 Metaspace       used 79456K, capacity 82014K, committed 82264K, reserved 1120256K
  class space    used 10537K, capacity 11082K, committed 11136K, reserved 1048576K
}
Event: 67.531 GC heap before
{Heap before GC invocations=26 (full 3):
 PSYoungGen      total 196096K, used 189810K [0x00000000e0000000, 0x00000000ee280000, 0x0000000100000000)
  eden space 170496K, 100% used [0x00000000e0000000,0x00000000ea680000,0x00000000ea680000)
  from space 25600K, 75% used [0x00000000ec100000,0x00000000ed3dca20,0x00000000eda00000)
  to   space 27136K, 0% used [0x00000000ea680000,0x00000000ea680000,0x00000000ec100000)
 ParOldGen       total 99328K, used 39322K [0x00000000a0000000, 0x00000000a6100000, 0x00000000e0000000)
  object space 99328K, 39% used [0x00000000a0000000,0x00000000a2666988,0x00000000a6100000)
 Metaspace       used 79568K, capacity 82082K, committed 82264K, reserved 1120256K
  class space    used 10541K, capacity 11082K, committed 11136K, reserved 1048576K
Event: 67.587 GC heap after
Heap after GC invocations=26 (full 3):
 PSYoungGen      total 197632K, used 14855K [0x00000000e0000000, 0x00000000f0000000, 0x0000000100000000)
  eden space 170496K, 0% used [0x00000000e0000000,0x00000000e0000000,0x00000000ea680000)
  from space 27136K, 54% used [0x00000000ea680000,0x00000000eb501c38,0x00000000ec100000)
  to   space 26624K, 0% used [0x00000000ee600000,0x00000000ee600000,0x00000000f0000000)
 ParOldGen       total 99328K, used 41494K [0x00000000a0000000, 0x00000000a6100000, 0x00000000e0000000)
  object space 99328K, 41% used [0x00000000a0000000,0x00000000a2885a78,0x00000000a6100000)
 Metaspace       used 79568K, capacity 82082K, committed 82264K, reserved 1120256K
  class space    used 10541K, capacity 11082K, committed 11136K, reserved 1048576K
}

