# JRE version: Java(TM) SE Runtime Environment (8.0_201-b09) (build 1.8.0_201-b09)
# Java VM: Java HotSpot(TM) 64-Bit Server VM (25.201-b09 mixed mode windows-amd64 compressed oops)
Heap:
 PSYoungGen      total 139776K, used 39318K [0x00000000e0000000, 0x00000000e9680000, 0x0000000100000000)
  eden space 125440K, 19% used [0x00000000e0000000,0x00000000e186c558,0x00000000e7a80000)
  from space 14336K, 99% used [0x00000000e7a80000,0x00000000e8879428,0x00000000e8880000)
  to   space 13312K, 0% used [0x00000000e8980000,0x00000000e8980000,0x00000000e9680000)
 ParOldGen       total 90624K, used 40328K [0x00000000a0000000, 0x00000000a5880000, 0x00000000e0000000)
  object space 90624K, 44% used [0x00000000a0000000,0x00000000a27620e8,0x00000000a5880000)
 Metaspace       used 65458K, capacity 67582K, committed 67712K, reserved 1107968K
  class space    used 8978K, capacity 9489K, committed 9600K, reserved 1048576K
GC Heap History (10 events):
Event: 21.864 GC heap before
{Heap before GC invocations=18 (full 2):
 PSYoungGen      total 99840K, used 99827K [0x00000000e0000000, 0x00000000e8580000, 0x0000000100000000)
  eden space 91648K, 100% used [0x00000000e0000000,0x00000000e5980000,0x00000000e5980000)
  from space 8192K, 99% used [0x00000000e5980000,0x00000000e617ccf8,0x00000000e6180000)
  to   space 11264K, 0% used [0x00000000e7a80000,0x00000000e7a80000,0x00000000e8580000)
 ParOldGen       total 55808K, used 21925K [0x00000000a0000000, 0x00000000a3680000, 0x00000000e0000000)
  object space 55808K, 39% used [0x00000000a0000000,0x00000000a1569608,0x00000000a3680000)
 Metaspace       used 52734K, capacity 54064K, committed 54400K, reserved 1095680K
  class space    used 7322K, capacity 7710K, committed 7808K, reserved 1048576K
Event: 21.892 GC heap after
Heap after GC invocations=18 (full 2):
 PSYoungGen      total 123392K, used 9580K [0x00000000e0000000, 0x00000000e8580000, 0x0000000100000000)
  eden space 112128K, 0% used [0x00000000e0000000,0x00000000e0000000,0x00000000e6d80000)
  from space 11264K, 85% used [0x00000000e7a80000,0x00000000e83db080,0x00000000e8580000)
  to   space 12288K, 0% used [0x00000000e6d80000,0x00000000e6d80000,0x00000000e7980000)
 ParOldGen       total 55808K, used 29443K [0x00000000a0000000, 0x00000000a3680000, 0x00000000e0000000)
  object space 55808K, 52% used [0x00000000a0000000,0x00000000a1cc0fe0,0x00000000a3680000)
 Metaspace       used 52734K, capacity 54064K, committed 54400K, reserved 1095680K
  class space    used 7322K, capacity 7710K, committed 7808K, reserved 1048576K
}
Event: 24.627 GC heap before
{Heap before GC invocations=19 (full 2):
 PSYoungGen      total 123392K, used 86935K [0x00000000e0000000, 0x00000000e8580000, 0x0000000100000000)
  eden space 112128K, 68% used [0x00000000e0000000,0x00000000e4b8ad98,0x00000000e6d80000)
  from space 11264K, 85% used [0x00000000e7a80000,0x00000000e83db080,0x00000000e8580000)
  to   space 12288K, 0% used [0x00000000e6d80000,0x00000000e6d80000,0x00000000e7980000)
 ParOldGen       total 55808K, used 29443K [0x00000000a0000000, 0x00000000a3680000, 0x00000000e0000000)
  object space 55808K, 52% used [0x00000000a0000000,0x00000000a1cc0fe0,0x00000000a3680000)
 Metaspace       used 57485K, capacity 58952K, committed 59096K, reserved 1099776K
  class space    used 8070K, capacity 8485K, committed 8576K, reserved 1048576K
Event: 24.652 GC heap after
Heap after GC invocations=19 (full 2):
 PSYoungGen      total 124416K, used 10620K [0x00000000e0000000, 0x00000000e9680000, 0x0000000100000000)
  eden space 112128K, 0% used [0x00000000e0000000,0x00000000e0000000,0x00000000e6d80000)
  from space 12288K, 86% used [0x00000000e6d80000,0x00000000e77df3f8,0x00000000e7980000)
  to   space 13312K, 0% used [0x00000000e8980000,0x00000000e8980000,0x00000000e9680000)
 ParOldGen       total 55808K, used 29451K [0x00000000a0000000, 0x00000000a3680000, 0x00000000e0000000)
  object space 55808K, 52% used [0x00000000a0000000,0x00000000a1cc2fe0,0x00000000a3680000)
 Metaspace       used 57485K, capacity 58952K, committed 59096K, reserved 1099776K
  class space    used 8070K, capacity 8485K, committed 8576K, reserved 1048576K
}
Event: 24.652 GC heap before
{Heap before GC invocations=20 (full 3):
 PSYoungGen      total 124416K, used 10620K [0x00000000e0000000, 0x00000000e9680000, 0x0000000100000000)
  eden space 112128K, 0% used [0x00000000e0000000,0x00000000e0000000,0x00000000e6d80000)
  from space 12288K, 86% used [0x00000000e6d80000,0x00000000e77df3f8,0x00000000e7980000)
  to   space 13312K, 0% used [0x00000000e8980000,0x00000000e8980000,0x00000000e9680000)
 ParOldGen       total 55808K, used 29451K [0x00000000a0000000, 0x00000000a3680000, 0x00000000e0000000)
  object space 55808K, 52% used [0x00000000a0000000,0x00000000a1cc2fe0,0x00000000a3680000)
 Metaspace       used 57485K, capacity 58952K, committed 59096K, reserved 1099776K
  class space    used 8070K, capacity 8485K, committed 8576K, reserved 1048576K
Event: 25.038 GC heap after
Heap after GC invocations=20 (full 3):
 PSYoungGen      total 124416K, used 0K [0x00000000e0000000, 0x00000000e9680000, 0x0000000100000000)
  eden space 112128K, 0% used [0x00000000e0000000,0x00000000e0000000,0x00000000e6d80000)
  from space 12288K, 0% used [0x00000000e6d80000,0x00000000e6d80000,0x00000000e7980000)
  to   space 13312K, 0% used [0x00000000e8980000,0x00000000e8980000,0x00000000e9680000)
 ParOldGen       total 90624K, used 33307K [0x00000000a0000000, 0x00000000a5880000, 0x00000000e0000000)
  object space 90624K, 36% used [0x00000000a0000000,0x00000000a2086d78,0x00000000a5880000)
 Metaspace       used 57485K, capacity 58952K, committed 59096K, reserved 1099776K
  class space    used 8070K, capacity 8485K, committed 8576K, reserved 1048576K
}
Event: 30.098 GC heap before
{Heap before GC invocations=21 (full 3):
 PSYoungGen      total 124416K, used 112128K [0x00000000e0000000, 0x00000000e9680000, 0x0000000100000000)
  eden space 112128K, 100% used [0x00000000e0000000,0x00000000e6d80000,0x00000000e6d80000)
  from space 12288K, 0% used [0x00000000e6d80000,0x00000000e6d80000,0x00000000e7980000)
  to   space 13312K, 0% used [0x00000000e8980000,0x00000000e8980000,0x00000000e9680000)
 ParOldGen       total 90624K, used 33307K [0x00000000a0000000, 0x00000000a5880000, 0x00000000e0000000)
  object space 90624K, 36% used [0x00000000a0000000,0x00000000a2086d78,0x00000000a5880000)
 Metaspace       used 59927K, capacity 61618K, committed 61696K, reserved 1101824K
  class space    used 8451K, capacity 8909K, committed 8960K, reserved 1048576K
Event: 30.148 GC heap after
Heap after GC invocations=21 (full 3):
 PSYoungGen      total 138752K, used 10635K [0x00000000e0000000, 0x00000000e9680000, 0x0000000100000000)
  eden space 125440K, 0% used [0x00000000e0000000,0x00000000e0000000,0x00000000e7a80000)
  from space 13312K, 79% used [0x00000000e8980000,0x00000000e93e2f98,0x00000000e9680000)
  to   space 14336K, 0% used [0x00000000e7a80000,0x00000000e7a80000,0x00000000e8880000)
 ParOldGen       total 90624K, used 33315K [0x00000000a0000000, 0x00000000a5880000, 0x00000000e0000000)
  object space 90624K, 36% used [0x00000000a0000000,0x00000000a2088d78,0x00000000a5880000)
 Metaspace       used 59927K, capacity 61618K, committed 61696K, reserved 1101824K
  class space    used 8451K, capacity 8909K, committed 8960K, reserved 1048576K
}
Event: 38.935 GC heap before
{Heap before GC invocations=22 (full 3):
 PSYoungGen      total 138752K, used 136075K [0x00000000e0000000, 0x00000000e9680000, 0x0000000100000000)
  eden space 125440K, 100% used [0x00000000e0000000,0x00000000e7a80000,0x00000000e7a80000)
  from space 13312K, 79% used [0x00000000e8980000,0x00000000e93e2f98,0x00000000e9680000)
  to   space 14336K, 0% used [0x00000000e7a80000,0x00000000e7a80000,0x00000000e8880000)
 ParOldGen       total 90624K, used 33315K [0x00000000a0000000, 0x00000000a5880000, 0x00000000e0000000)
  object space 90624K, 36% used [0x00000000a0000000,0x00000000a2088d78,0x00000000a5880000)
 Metaspace       used 65078K, capacity 67162K, committed 67456K, reserved 1107968K
  class space    used 8960K, capacity 9475K, committed 9600K, reserved 1048576K
Event: 38.979 GC heap after
Heap after GC invocations=22 (full 3):
 PSYoungGen      total 139776K, used 14309K [0x00000000e0000000, 0x00000000e9680000, 0x0000000100000000)
  eden space 125440K, 0% used [0x00000000e0000000,0x00000000e0000000,0x00000000e7a80000)
  from space 14336K, 99% used [0x00000000e7a80000,0x00000000e8879428,0x00000000e8880000)
  to   space 13312K, 0% used [0x00000000e8980000,0x00000000e8980000,0x00000000e9680000)
 ParOldGen       total 90624K, used 40328K [0x00000000a0000000, 0x00000000a5880000, 0x00000000e0000000)
  object space 90624K, 44% used [0x00000000a0000000,0x00000000a27620e8,0x00000000a5880000)
 Metaspace       used 65078K, capacity 67162K, committed 67456K, reserved 1107968K
  class space    used 8960K, capacity 9475K, committed 9600K, reserved 1048576K
}

