# JRE version: Java(TM) SE Runtime Environment (8.0_201-b09) (build 1.8.0_201-b09)
# Java VM: Java HotSpot(TM) 64-Bit Server VM (25.201-b09 mixed mode windows-amd64 compressed oops)
Heap:
 PSYoungGen      total 141312K, used 60704K [0x00000000e0000000, 0x00000000e9500000, 0x0000000100000000)
  eden space 131072K, 46% used [0x00000000e0000000,0x00000000e3b48230,0x00000000e8000000)
  from space 10240K, 0% used [0x00000000e8b00000,0x00000000e8b00000,0x00000000e9500000)
  to   space 10752K, 0% used [0x00000000e8000000,0x00000000e8000000,0x00000000e8a80000)
 ParOldGen       total 44032K, used 13611K [0x00000000a0000000, 0x00000000a2b00000, 0x00000000e0000000)
  object space 44032K, 30% used [0x00000000a0000000,0x00000000a0d4afa8,0x00000000a2b00000)
 Metaspace       used 26846K, capacity 27352K, committed 27520K, reserved 1073152K
  class space    used 3745K, capacity 3945K, committed 3968K, reserved 1048576K
GC Heap History (10 events):
Event: 8.991 GC heap before
{Heap before GC invocations=3 (full 0):
 PSYoungGen      total 35328K, used 35319K [0x00000000e0000000, 0x00000000e2500000, 0x0000000100000000)
  eden space 32768K, 100% used [0x00000000e0000000,0x00000000e2000000,0x00000000e2000000)
  from space 2560K, 99% used [0x00000000e2280000,0x00000000e24fdda0,0x00000000e2500000)
  to   space 2560K, 0% used [0x00000000e2000000,0x00000000e2000000,0x00000000e2280000)
 ParOldGen       total 44032K, used 385K [0x00000000a0000000, 0x00000000a2b00000, 0x00000000e0000000)
  object space 44032K, 0% used [0x00000000a0000000,0x00000000a0060610,0x00000000a2b00000)
 Metaspace       used 9441K, capacity 9694K, committed 9984K, reserved 1058816K
  class space    used 1302K, capacity 1421K, committed 1536K, reserved 1048576K
Event: 9.001 GC heap after
Heap after GC invocations=3 (full 0):
 PSYoungGen      total 35328K, used 2544K [0x00000000e0000000, 0x00000000e4500000, 0x0000000100000000)
  eden space 32768K, 0% used [0x00000000e0000000,0x00000000e0000000,0x00000000e2000000)
  from space 2560K, 99% used [0x00000000e2000000,0x00000000e227c010,0x00000000e2280000)
  to   space 2560K, 0% used [0x00000000e4280000,0x00000000e4280000,0x00000000e4500000)
 ParOldGen       total 44032K, used 2777K [0x00000000a0000000, 0x00000000a2b00000, 0x00000000e0000000)
  object space 44032K, 6% used [0x00000000a0000000,0x00000000a02b6588,0x00000000a2b00000)
 Metaspace       used 9441K, capacity 9694K, committed 9984K, reserved 1058816K
  class space    used 1302K, capacity 1421K, committed 1536K, reserved 1048576K
}
Event: 15.673 GC heap before
{Heap before GC invocations=4 (full 0):
 PSYoungGen      total 35328K, used 35312K [0x00000000e0000000, 0x00000000e4500000, 0x0000000100000000)
  eden space 32768K, 100% used [0x00000000e0000000,0x00000000e2000000,0x00000000e2000000)
  from space 2560K, 99% used [0x00000000e2000000,0x00000000e227c010,0x00000000e2280000)
  to   space 2560K, 0% used [0x00000000e4280000,0x00000000e4280000,0x00000000e4500000)
 ParOldGen       total 44032K, used 2777K [0x00000000a0000000, 0x00000000a2b00000, 0x00000000e0000000)
  object space 44032K, 6% used [0x00000000a0000000,0x00000000a02b6588,0x00000000a2b00000)
 Metaspace       used 13725K, capacity 14012K, committed 14208K, reserved 1060864K
  class space    used 1977K, capacity 2094K, committed 2176K, reserved 1048576K
Event: 15.684 GC heap after
Heap after GC invocations=4 (full 0):
 PSYoungGen      total 68096K, used 2544K [0x00000000e0000000, 0x00000000e4500000, 0x0000000100000000)
  eden space 65536K, 0% used [0x00000000e0000000,0x00000000e0000000,0x00000000e4000000)
  from space 2560K, 99% used [0x00000000e4280000,0x00000000e44fc030,0x00000000e4500000)
  to   space 2560K, 0% used [0x00000000e4000000,0x00000000e4000000,0x00000000e4280000)
 ParOldGen       total 44032K, used 6752K [0x00000000a0000000, 0x00000000a2b00000, 0x00000000e0000000)
  object space 44032K, 15% used [0x00000000a0000000,0x00000000a0698008,0x00000000a2b00000)
 Metaspace       used 13725K, capacity 14012K, committed 14208K, reserved 1060864K
  class space    used 1977K, capacity 2094K, committed 2176K, reserved 1048576K
}
Event: 25.722 GC heap before
{Heap before GC invocations=5 (full 0):
 PSYoungGen      total 68096K, used 68080K [0x00000000e0000000, 0x00000000e4500000, 0x0000000100000000)
  eden space 65536K, 100% used [0x00000000e0000000,0x00000000e4000000,0x00000000e4000000)
  from space 2560K, 99% used [0x00000000e4280000,0x00000000e44fc030,0x00000000e4500000)
  to   space 2560K, 0% used [0x00000000e4000000,0x00000000e4000000,0x00000000e4280000)
 ParOldGen       total 44032K, used 6752K [0x00000000a0000000, 0x00000000a2b00000, 0x00000000e0000000)
  object space 44032K, 15% used [0x00000000a0000000,0x00000000a0698008,0x00000000a2b00000)
 Metaspace       used 20459K, capacity 20886K, committed 21120K, reserved 1067008K
  class space    used 2963K, capacity 3117K, committed 3200K, reserved 1048576K
Event: 25.738 GC heap after
Heap after GC invocations=5 (full 0):
 PSYoungGen      total 68096K, used 2528K [0x00000000e0000000, 0x00000000e9600000, 0x0000000100000000)
  eden space 65536K, 0% used [0x00000000e0000000,0x00000000e0000000,0x00000000e4000000)
  from space 2560K, 98% used [0x00000000e4000000,0x00000000e4278050,0x00000000e4280000)
  to   space 11264K, 0% used [0x00000000e8b00000,0x00000000e8b00000,0x00000000e9600000)
 ParOldGen       total 44032K, used 14960K [0x00000000a0000000, 0x00000000a2b00000, 0x00000000e0000000)
  object space 44032K, 33% used [0x00000000a0000000,0x00000000a0e9c238,0x00000000a2b00000)
 Metaspace       used 20459K, capacity 20886K, committed 21120K, reserved 1067008K
  class space    used 2963K, capacity 3117K, committed 3200K, reserved 1048576K
}
Event: 25.949 GC heap before
{Heap before GC invocations=6 (full 0):
 PSYoungGen      total 68096K, used 3736K [0x00000000e0000000, 0x00000000e9600000, 0x0000000100000000)
  eden space 65536K, 1% used [0x00000000e0000000,0x00000000e012e368,0x00000000e4000000)
  from space 2560K, 98% used [0x00000000e4000000,0x00000000e4278050,0x00000000e4280000)
  to   space 11264K, 0% used [0x00000000e8b00000,0x00000000e8b00000,0x00000000e9600000)
 ParOldGen       total 44032K, used 14960K [0x00000000a0000000, 0x00000000a2b00000, 0x00000000e0000000)
  object space 44032K, 33% used [0x00000000a0000000,0x00000000a0e9c238,0x00000000a2b00000)
 Metaspace       used 20779K, capacity 21206K, committed 21296K, reserved 1067008K
  class space    used 2990K, capacity 3181K, committed 3200K, reserved 1048576K
Event: 25.958 GC heap after
Heap after GC invocations=6 (full 0):
 PSYoungGen      total 141312K, used 2862K [0x00000000e0000000, 0x00000000e9500000, 0x0000000100000000)
  eden space 131072K, 0% used [0x00000000e0000000,0x00000000e0000000,0x00000000e8000000)
  from space 10240K, 27% used [0x00000000e8b00000,0x00000000e8dcb9a0,0x00000000e9500000)
  to   space 10752K, 0% used [0x00000000e8000000,0x00000000e8000000,0x00000000e8a80000)
 ParOldGen       total 44032K, used 14960K [0x00000000a0000000, 0x00000000a2b00000, 0x00000000e0000000)
  object space 44032K, 33% used [0x00000000a0000000,0x00000000a0e9c238,0x00000000a2b00000)
 Metaspace       used 20779K, capacity 21206K, committed 21296K, reserved 1067008K
  class space    used 2990K, capacity 3181K, committed 3200K, reserved 1048576K
}
Event: 25.958 GC heap before
{Heap before GC invocations=7 (full 1):
 PSYoungGen      total 141312K, used 2862K [0x00000000e0000000, 0x00000000e9500000, 0x0000000100000000)
  eden space 131072K, 0% used [0x00000000e0000000,0x00000000e0000000,0x00000000e8000000)
  from space 10240K, 27% used [0x00000000e8b00000,0x00000000e8dcb9a0,0x00000000e9500000)
  to   space 10752K, 0% used [0x00000000e8000000,0x00000000e8000000,0x00000000e8a80000)
 ParOldGen       total 44032K, used 14960K [0x00000000a0000000, 0x00000000a2b00000, 0x00000000e0000000)
  object space 44032K, 33% used [0x00000000a0000000,0x00000000a0e9c238,0x00000000a2b00000)
 Metaspace       used 20779K, capacity 21206K, committed 21296K, reserved 1067008K
  class space    used 2990K, capacity 3181K, committed 3200K, reserved 1048576K
Event: 26.251 GC heap after
Heap after GC invocations=7 (full 1):
 PSYoungGen      total 141312K, used 0K [0x00000000e0000000, 0x00000000e9500000, 0x0000000100000000)
  eden space 131072K, 0% used [0x00000000e0000000,0x00000000e0000000,0x00000000e8000000)
  from space 10240K, 0% used [0x00000000e8b00000,0x00000000e8b00000,0x00000000e9500000)
  to   space 10752K, 0% used [0x00000000e8000000,0x00000000e8000000,0x00000000e8a80000)
 ParOldGen       total 44032K, used 13611K [0x00000000a0000000, 0x00000000a2b00000, 0x00000000e0000000)
  object space 44032K, 30% used [0x00000000a0000000,0x00000000a0d4afa8,0x00000000a2b00000)
 Metaspace       used 20779K, capacity 21206K, committed 21296K, reserved 1067008K
  class space    used 2990K, capacity 3181K, committed 3200K, reserved 1048576K
}

