# JRE version: Java(TM) SE Runtime Environment (8.0_201-b09) (build 1.8.0_201-b09)
# Java VM: Java HotSpot(TM) 64-Bit Server VM (25.201-b09 mixed mode windows-amd64 compressed oops)
Heap:
 PSYoungGen      total 80384K, used 41388K [0x00000000e0000000, 0x00000000e7580000, 0x0000000100000000)
  eden space 73728K, 56% used [0x00000000e0000000,0x00000000e286b348,0x00000000e4800000)
  from space 6656K, 0% used [0x00000000e4800000,0x00000000e4800000,0x00000000e4e80000)
  to   space 8192K, 0% used [0x00000000e6d80000,0x00000000e6d80000,0x00000000e7580000)
 ParOldGen       total 29696K, used 17606K [0x00000000a0000000, 0x00000000a1d00000, 0x00000000e0000000)
  object space 29696K, 59% used [0x00000000a0000000,0x00000000a1131af0,0x00000000a1d00000)
 Metaspace       used 38988K, capacity 39580K, committed 39808K, reserved 1083392K
  class space    used 5468K, capacity 5690K, committed 5760K, reserved 1048576K
GC Heap History (10 events):
Event: 6.719 GC heap before
{Heap before GC invocations=11 (full 1):
 PSYoungGen      total 57856K, used 2036K [0x00000000e0000000, 0x00000000e3f00000, 0x0000000100000000)
  eden space 51200K, 0% used [0x00000000e0000000,0x00000000e0000000,0x00000000e3200000)
  from space 6656K, 30% used [0x00000000e3880000,0x00000000e3a7d040,0x00000000e3f00000)
  to   space 6656K, 0% used [0x00000000e3200000,0x00000000e3200000,0x00000000e3880000)
 ParOldGen       total 44032K, used 9204K [0x00000000a0000000, 0x00000000a2b00000, 0x00000000e0000000)
  object space 44032K, 20% used [0x00000000a0000000,0x00000000a08fd108,0x00000000a2b00000)
 Metaspace       used 20750K, capacity 21206K, committed 21296K, reserved 1067008K
  class space    used 2983K, capacity 3181K, committed 3200K, reserved 1048576K
Event: 6.816 GC heap after
Heap after GC invocations=11 (full 1):
 PSYoungGen      total 57856K, used 0K [0x00000000e0000000, 0x00000000e3f00000, 0x0000000100000000)
  eden space 51200K, 0% used [0x00000000e0000000,0x00000000e0000000,0x00000000e3200000)
  from space 6656K, 0% used [0x00000000e3880000,0x00000000e3880000,0x00000000e3f00000)
  to   space 6656K, 0% used [0x00000000e3200000,0x00000000e3200000,0x00000000e3880000)
 ParOldGen       total 29696K, used 7146K [0x00000000a0000000, 0x00000000a1d00000, 0x00000000e0000000)
  object space 29696K, 24% used [0x00000000a0000000,0x00000000a06fa990,0x00000000a1d00000)
 Metaspace       used 20750K, capacity 21206K, committed 21296K, reserved 1067008K
  class space    used 2983K, capacity 3181K, committed 3200K, reserved 1048576K
}
Event: 8.267 GC heap before
{Heap before GC invocations=12 (full 1):
 PSYoungGen      total 57856K, used 51200K [0x00000000e0000000, 0x00000000e3f00000, 0x0000000100000000)
  eden space 51200K, 100% used [0x00000000e0000000,0x00000000e3200000,0x00000000e3200000)
  from space 6656K, 0% used [0x00000000e3880000,0x00000000e3880000,0x00000000e3f00000)
  to   space 6656K, 0% used [0x00000000e3200000,0x00000000e3200000,0x00000000e3880000)
 ParOldGen       total 29696K, used 7146K [0x00000000a0000000, 0x00000000a1d00000, 0x00000000e0000000)
  object space 29696K, 24% used [0x00000000a0000000,0x00000000a06fa990,0x00000000a1d00000)
 Metaspace       used 26539K, capacity 27026K, committed 27264K, reserved 1073152K
  class space    used 3707K, capacity 3898K, committed 3968K, reserved 1048576K
Event: 8.287 GC heap after
Heap after GC invocations=12 (full 1):
 PSYoungGen      total 57856K, used 5580K [0x00000000e0000000, 0x00000000e5700000, 0x0000000100000000)
  eden space 51200K, 0% used [0x00000000e0000000,0x00000000e0000000,0x00000000e3200000)
  from space 6656K, 83% used [0x00000000e3200000,0x00000000e3773240,0x00000000e3880000)
  to   space 7168K, 0% used [0x00000000e5000000,0x00000000e5000000,0x00000000e5700000)
 ParOldGen       total 29696K, used 7154K [0x00000000a0000000, 0x00000000a1d00000, 0x00000000e0000000)
  object space 29696K, 24% used [0x00000000a0000000,0x00000000a06fc990,0x00000000a1d00000)
 Metaspace       used 26539K, capacity 27026K, committed 27264K, reserved 1073152K
  class space    used 3707K, capacity 3898K, committed 3968K, reserved 1048576K
}
Event: 9.492 GC heap before
{Heap before GC invocations=13 (full 1):
 PSYoungGen      total 57856K, used 56780K [0x00000000e0000000, 0x00000000e5700000, 0x0000000100000000)
  eden space 51200K, 100% used [0x00000000e0000000,0x00000000e3200000,0x00000000e3200000)
  from space 6656K, 83% used [0x00000000e3200000,0x00000000e3773240,0x00000000e3880000)
  to   space 7168K, 0% used [0x00000000e5000000,0x00000000e5000000,0x00000000e5700000)
 ParOldGen       total 29696K, used 7154K [0x00000000a0000000, 0x00000000a1d00000, 0x00000000e0000000)
  object space 29696K, 24% used [0x00000000a0000000,0x00000000a06fc990,0x00000000a1d00000)
 Metaspace       used 29396K, capacity 29840K, committed 30080K, reserved 1075200K
  class space    used 4196K, capacity 4387K, committed 4480K, reserved 1048576K
Event: 9.515 GC heap after
Heap after GC invocations=13 (full 1):
 PSYoungGen      total 78848K, used 4562K [0x00000000e0000000, 0x00000000e5500000, 0x0000000100000000)
  eden space 73728K, 0% used [0x00000000e0000000,0x00000000e0000000,0x00000000e4800000)
  from space 5120K, 89% used [0x00000000e5000000,0x00000000e5474948,0x00000000e5500000)
  to   space 6656K, 0% used [0x00000000e4800000,0x00000000e4800000,0x00000000e4e80000)
 ParOldGen       total 29696K, used 9574K [0x00000000a0000000, 0x00000000a1d00000, 0x00000000e0000000)
  object space 29696K, 32% used [0x00000000a0000000,0x00000000a09599d0,0x00000000a1d00000)
 Metaspace       used 29396K, capacity 29840K, committed 30080K, reserved 1075200K
  class space    used 4196K, capacity 4387K, committed 4480K, reserved 1048576K
}
Event: 15.098 GC heap before
{Heap before GC invocations=14 (full 1):
 PSYoungGen      total 78848K, used 64135K [0x00000000e0000000, 0x00000000e5500000, 0x0000000100000000)
  eden space 73728K, 80% used [0x00000000e0000000,0x00000000e3a2d358,0x00000000e4800000)
  from space 5120K, 89% used [0x00000000e5000000,0x00000000e5474948,0x00000000e5500000)
  to   space 6656K, 0% used [0x00000000e4800000,0x00000000e4800000,0x00000000e4e80000)
 ParOldGen       total 29696K, used 9574K [0x00000000a0000000, 0x00000000a1d00000, 0x00000000e0000000)
  object space 29696K, 32% used [0x00000000a0000000,0x00000000a09599d0,0x00000000a1d00000)
 Metaspace       used 34782K, capacity 35314K, committed 35456K, reserved 1079296K
  class space    used 4969K, capacity 5189K, committed 5248K, reserved 1048576K
Event: 15.113 GC heap after
Heap after GC invocations=14 (full 1):
 PSYoungGen      total 80384K, used 6629K [0x00000000e0000000, 0x00000000e7580000, 0x0000000100000000)
  eden space 73728K, 0% used [0x00000000e0000000,0x00000000e0000000,0x00000000e4800000)
  from space 6656K, 99% used [0x00000000e4800000,0x00000000e4e79520,0x00000000e4e80000)
  to   space 8192K, 0% used [0x00000000e6d80000,0x00000000e6d80000,0x00000000e7580000)
 ParOldGen       total 29696K, used 11480K [0x00000000a0000000, 0x00000000a1d00000, 0x00000000e0000000)
  object space 29696K, 38% used [0x00000000a0000000,0x00000000a0b362d0,0x00000000a1d00000)
 Metaspace       used 34782K, capacity 35314K, committed 35456K, reserved 1079296K
  class space    used 4969K, capacity 5189K, committed 5248K, reserved 1048576K
}
Event: 15.113 GC heap before
{Heap before GC invocations=15 (full 2):
 PSYoungGen      total 80384K, used 6629K [0x00000000e0000000, 0x00000000e7580000, 0x0000000100000000)
  eden space 73728K, 0% used [0x00000000e0000000,0x00000000e0000000,0x00000000e4800000)
  from space 6656K, 99% used [0x00000000e4800000,0x00000000e4e79520,0x00000000e4e80000)
  to   space 8192K, 0% used [0x00000000e6d80000,0x00000000e6d80000,0x00000000e7580000)
 ParOldGen       total 29696K, used 11480K [0x00000000a0000000, 0x00000000a1d00000, 0x00000000e0000000)
  object space 29696K, 38% used [0x00000000a0000000,0x00000000a0b362d0,0x00000000a1d00000)
 Metaspace       used 34782K, capacity 35314K, committed 35456K, reserved 1079296K
  class space    used 4969K, capacity 5189K, committed 5248K, reserved 1048576K
Event: 15.314 GC heap after
Heap after GC invocations=15 (full 2):
 PSYoungGen      total 80384K, used 0K [0x00000000e0000000, 0x00000000e7580000, 0x0000000100000000)
  eden space 73728K, 0% used [0x00000000e0000000,0x00000000e0000000,0x00000000e4800000)
  from space 6656K, 0% used [0x00000000e4800000,0x00000000e4800000,0x00000000e4e80000)
  to   space 8192K, 0% used [0x00000000e6d80000,0x00000000e6d80000,0x00000000e7580000)
 ParOldGen       total 29696K, used 17606K [0x00000000a0000000, 0x00000000a1d00000, 0x00000000e0000000)
  object space 29696K, 59% used [0x00000000a0000000,0x00000000a1131af0,0x00000000a1d00000)
 Metaspace       used 34782K, capacity 35314K, committed 35456K, reserved 1079296K
  class space    used 4969K, capacity 5189K, committed 5248K, reserved 1048576K
}

