# JRE version: Java(TM) SE Runtime Environment (8.0_201-b09) (build 1.8.0_201-b09)
# Java VM: Java HotSpot(TM) 64-Bit Server VM (25.201-b09 mixed mode windows-amd64 compressed oops)
Heap:
 PSYoungGen      total 177152K, used 28124K [0x00000000e0000000, 0x00000000eed80000, 0x0000000100000000)
  eden space 163840K, 9% used [0x00000000e0000000,0x00000000e0e7f140,0x00000000ea000000)
  from space 13312K, 99% used [0x00000000eb180000,0x00000000ebe78020,0x00000000ebe80000)
  to   space 17920K, 0% used [0x00000000ea000000,0x00000000ea000000,0x00000000eb180000)
 ParOldGen       total 77824K, used 33632K [0x00000000a0000000, 0x00000000a4c00000, 0x00000000e0000000)
  object space 77824K, 43% used [0x00000000a0000000,0x00000000a20d82b0,0x00000000a4c00000)
 Metaspace       used 60926K, capacity 62709K, committed 62848K, reserved 1103872K
  class space    used 8596K, capacity 9059K, committed 9088K, reserved 1048576K
GC Heap History (10 events):
Event: 17.562 GC heap before
{Heap before GC invocations=15 (full 2):
 PSYoungGen      total 138240K, used 128000K [0x00000000e0000000, 0x00000000e9b80000, 0x0000000100000000)
  eden space 128000K, 100% used [0x00000000e0000000,0x00000000e7d00000,0x00000000e7d00000)
  from space 10240K, 0% used [0x00000000e8700000,0x00000000e8700000,0x00000000e9100000)
  to   space 10240K, 0% used [0x00000000e7d00000,0x00000000e7d00000,0x00000000e8700000)
 ParOldGen       total 51712K, used 17337K [0x00000000a0000000, 0x00000000a3280000, 0x00000000e0000000)
  object space 51712K, 33% used [0x00000000a0000000,0x00000000a10ee598,0x00000000a3280000)
 Metaspace       used 45846K, capacity 46836K, committed 46976K, reserved 1089536K
  class space    used 6448K, capacity 6780K, committed 6784K, reserved 1048576K
Event: 17.602 GC heap after
Heap after GC invocations=15 (full 2):
 PSYoungGen      total 138240K, used 10229K [0x00000000e0000000, 0x00000000ebf80000, 0x0000000100000000)
  eden space 128000K, 0% used [0x00000000e0000000,0x00000000e0000000,0x00000000e7d00000)
  from space 10240K, 99% used [0x00000000e7d00000,0x00000000e86fd700,0x00000000e8700000)
  to   space 14336K, 0% used [0x00000000eb180000,0x00000000eb180000,0x00000000ebf80000)
 ParOldGen       total 51712K, used 24219K [0x00000000a0000000, 0x00000000a3280000, 0x00000000e0000000)
  object space 51712K, 46% used [0x00000000a0000000,0x00000000a17a6e30,0x00000000a3280000)
 Metaspace       used 45846K, capacity 46836K, committed 46976K, reserved 1089536K
  class space    used 6448K, capacity 6780K, committed 6784K, reserved 1048576K
}
Event: 23.257 GC heap before
{Heap before GC invocations=16 (full 2):
 PSYoungGen      total 138240K, used 138229K [0x00000000e0000000, 0x00000000ebf80000, 0x0000000100000000)
  eden space 128000K, 100% used [0x00000000e0000000,0x00000000e7d00000,0x00000000e7d00000)
  from space 10240K, 99% used [0x00000000e7d00000,0x00000000e86fd700,0x00000000e8700000)
  to   space 14336K, 0% used [0x00000000eb180000,0x00000000eb180000,0x00000000ebf80000)
 ParOldGen       total 51712K, used 24219K [0x00000000a0000000, 0x00000000a3280000, 0x00000000e0000000)
  object space 51712K, 46% used [0x00000000a0000000,0x00000000a17a6e30,0x00000000a3280000)
 Metaspace       used 57108K, capacity 58570K, committed 58624K, reserved 1099776K
  class space    used 7999K, capacity 8448K, committed 8448K, reserved 1048576K
Event: 23.294 GC heap after
Heap after GC invocations=16 (full 2):
 PSYoungGen      total 176640K, used 12935K [0x00000000e0000000, 0x00000000ebe80000, 0x0000000100000000)
  eden space 163328K, 0% used [0x00000000e0000000,0x00000000e0000000,0x00000000e9f80000)
  from space 13312K, 97% used [0x00000000eb180000,0x00000000ebe21f10,0x00000000ebe80000)
  to   space 15872K, 0% used [0x00000000e9f80000,0x00000000e9f80000,0x00000000eaf00000)
 ParOldGen       total 51712K, used 32935K [0x00000000a0000000, 0x00000000a3280000, 0x00000000e0000000)
  object space 51712K, 63% used [0x00000000a0000000,0x00000000a2029ff8,0x00000000a3280000)
 Metaspace       used 57108K, capacity 58570K, committed 58624K, reserved 1099776K
  class space    used 7999K, capacity 8448K, committed 8448K, reserved 1048576K
}
Event: 23.631 GC heap before
{Heap before GC invocations=17 (full 2):
 PSYoungGen      total 176640K, used 19720K [0x00000000e0000000, 0x00000000ebe80000, 0x0000000100000000)
  eden space 163328K, 4% used [0x00000000e0000000,0x00000000e06a0120,0x00000000e9f80000)
  from space 13312K, 97% used [0x00000000eb180000,0x00000000ebe21f10,0x00000000ebe80000)
  to   space 15872K, 0% used [0x00000000e9f80000,0x00000000e9f80000,0x00000000eaf00000)
 ParOldGen       total 51712K, used 32935K [0x00000000a0000000, 0x00000000a3280000, 0x00000000e0000000)
  object space 51712K, 63% used [0x00000000a0000000,0x00000000a2029ff8,0x00000000a3280000)
 Metaspace       used 57443K, capacity 59035K, committed 59096K, reserved 1099776K
  class space    used 8059K, capacity 8515K, committed 8576K, reserved 1048576K
Event: 23.649 GC heap after
Heap after GC invocations=17 (full 2):
 PSYoungGen      total 179200K, used 5761K [0x00000000e0000000, 0x00000000ebe80000, 0x0000000100000000)
  eden space 163328K, 0% used [0x00000000e0000000,0x00000000e0000000,0x00000000e9f80000)
  from space 15872K, 36% used [0x00000000e9f80000,0x00000000ea5206b0,0x00000000eaf00000)
  to   space 13312K, 0% used [0x00000000eb180000,0x00000000eb180000,0x00000000ebe80000)
 ParOldGen       total 51712K, used 32943K [0x00000000a0000000, 0x00000000a3280000, 0x00000000e0000000)
  object space 51712K, 63% used [0x00000000a0000000,0x00000000a202bff8,0x00000000a3280000)
 Metaspace       used 57443K, capacity 59035K, committed 59096K, reserved 1099776K
  class space    used 8059K, capacity 8515K, committed 8576K, reserved 1048576K
}
Event: 23.649 GC heap before
{Heap before GC invocations=18 (full 3):
 PSYoungGen      total 179200K, used 5761K [0x00000000e0000000, 0x00000000ebe80000, 0x0000000100000000)
  eden space 163328K, 0% used [0x00000000e0000000,0x00000000e0000000,0x00000000e9f80000)
  from space 15872K, 36% used [0x00000000e9f80000,0x00000000ea5206b0,0x00000000eaf00000)
  to   space 13312K, 0% used [0x00000000eb180000,0x00000000eb180000,0x00000000ebe80000)
 ParOldGen       total 51712K, used 32943K [0x00000000a0000000, 0x00000000a3280000, 0x00000000e0000000)
  object space 51712K, 63% used [0x00000000a0000000,0x00000000a202bff8,0x00000000a3280000)
 Metaspace       used 57443K, capacity 59035K, committed 59096K, reserved 1099776K
  class space    used 8059K, capacity 8515K, committed 8576K, reserved 1048576K
Event: 24.050 GC heap after
Heap after GC invocations=18 (full 3):
 PSYoungGen      total 179200K, used 0K [0x00000000e0000000, 0x00000000ebe80000, 0x0000000100000000)
  eden space 163328K, 0% used [0x00000000e0000000,0x00000000e0000000,0x00000000e9f80000)
  from space 15872K, 0% used [0x00000000e9f80000,0x00000000e9f80000,0x00000000eaf00000)
  to   space 13312K, 0% used [0x00000000eb180000,0x00000000eb180000,0x00000000ebe80000)
 ParOldGen       total 77824K, used 29902K [0x00000000a0000000, 0x00000000a4c00000, 0x00000000e0000000)
  object space 77824K, 38% used [0x00000000a0000000,0x00000000a1d33ba0,0x00000000a4c00000)
 Metaspace       used 57443K, capacity 59035K, committed 59096K, reserved 1099776K
  class space    used 8059K, capacity 8515K, committed 8576K, reserved 1048576K
}
Event: 26.843 GC heap before
{Heap before GC invocations=19 (full 3):
 PSYoungGen      total 179200K, used 163328K [0x00000000e0000000, 0x00000000ebe80000, 0x0000000100000000)
  eden space 163328K, 100% used [0x00000000e0000000,0x00000000e9f80000,0x00000000e9f80000)
  from space 15872K, 0% used [0x00000000e9f80000,0x00000000e9f80000,0x00000000eaf00000)
  to   space 13312K, 0% used [0x00000000eb180000,0x00000000eb180000,0x00000000ebe80000)
 ParOldGen       total 77824K, used 29902K [0x00000000a0000000, 0x00000000a4c00000, 0x00000000e0000000)
  object space 77824K, 38% used [0x00000000a0000000,0x00000000a1d33ba0,0x00000000a4c00000)
 Metaspace       used 60514K, capacity 62325K, committed 62592K, reserved 1103872K
  class space    used 8547K, capacity 9059K, committed 9088K, reserved 1048576K
Event: 26.873 GC heap after
Heap after GC invocations=19 (full 3):
 PSYoungGen      total 177152K, used 13280K [0x00000000e0000000, 0x00000000eed80000, 0x0000000100000000)
  eden space 163840K, 0% used [0x00000000e0000000,0x00000000e0000000,0x00000000ea000000)
  from space 13312K, 99% used [0x00000000eb180000,0x00000000ebe78020,0x00000000ebe80000)
  to   space 17920K, 0% used [0x00000000ea000000,0x00000000ea000000,0x00000000eb180000)
 ParOldGen       total 77824K, used 33632K [0x00000000a0000000, 0x00000000a4c00000, 0x00000000e0000000)
  object space 77824K, 43% used [0x00000000a0000000,0x00000000a20d82b0,0x00000000a4c00000)
 Metaspace       used 60514K, capacity 62325K, committed 62592K, reserved 1103872K
  class space    used 8547K, capacity 9059K, committed 9088K, reserved 1048576K
}

